<?xml version="1.0" encoding="UTF-8"?>
<!-- Generated by org.testng.reporters.JUnitReportReporter -->
<testsuite skipped="0" hostname="HDC3-L-6012P1F" name="testCases.MyTests" tests="1" failures="0" timestamp="30 Oct 2017 17:24:21 GMT" time="36.116" errors="0">
  <testcase name="checkResults" time="36.116" classname="testCases.MyTests"/>
</testsuite> <!-- testCases.MyTests -->
