<?xml version="1.0" encoding="UTF-8"?>
<!-- Generated by org.testng.reporters.JUnitReportReporter -->
<testsuite skipped="0" hostname="HDC3-L-6012P1F" name="testCases.APITests" tests="4" failures="0" timestamp="30 Oct 2017 17:24:21 GMT" time="33.024" errors="0">
  <testcase name="myFirstAPITest3" time="20.111" classname="testCases.APITests"/>
  <testcase name="myFirstAPITest1" time="6.874" classname="testCases.APITests"/>
  <testcase name="myFirstAPITest2" time="4.144" classname="testCases.APITests"/>
  <testcase name="myFirstAPITest4" time="1.895" classname="testCases.APITests"/>
</testsuite> <!-- testCases.APITests -->
