<?xml version="1.0" encoding="UTF-8"?>
<!-- Generated by org.testng.reporters.JUnitReportReporter -->
<testsuite skipped="0" hostname="HDC3-L-6012P1F" name="testCases.MyTests" tests="1" failures="0" timestamp="29 Oct 2017 08:25:37 GMT" time="23.249" errors="0">
  <testcase name="checkResults" time="23.249" classname="testCases.MyTests"/>
</testsuite> <!-- testCases.MyTests -->
