<?xml version="1.0" encoding="UTF-8"?>
<!-- Generated by org.testng.reporters.JUnitReportReporter -->
<testsuite skipped="0" hostname="HDC3-L-6012P1F" name="testCases.MyTests" tests="1" failures="0" timestamp="28 Oct 2017 10:23:42 GMT" time="26.083" errors="0">
  <testcase name="sum" time="26.083" classname="testCases.MyTests"/>
</testsuite> <!-- testCases.MyTests -->
