<?xml version="1.0" encoding="UTF-8"?>
<!-- Generated by org.testng.reporters.JUnitReportReporter -->
<testsuite skipped="0" hostname="HDC3-L-6012P1F" name="testCases.APITests" tests="4" failures="0" timestamp="30 Oct 2017 17:26:42 GMT" time="49.121" errors="0">
  <testcase name="myFirstAPITest2" time="4.876" classname="testCases.APITests"/>
  <testcase name="myFirstAPITest1" time="11.010" classname="testCases.APITests"/>
  <testcase name="myFirstAPITest4" time="2.366" classname="testCases.APITests"/>
  <testcase name="myFirstAPITest3" time="30.869" classname="testCases.APITests"/>
</testsuite> <!-- testCases.APITests -->
